<?xml version="1.0" encoding="UTF-8"?>
<testng-results skipped="0" failed="0" total="1" passed="1">
  <reporter-output>
  </reporter-output>
  <suite name="Default suite" duration-ms="6304" started-at="2017-03-26T09:35:41Z" finished-at="2017-03-26T09:35:47Z">
    <groups>
    </groups>
    <test name="Default test" duration-ms="6304" started-at="2017-03-26T09:35:41Z" finished-at="2017-03-26T09:35:47Z">
      <class name="com.hrm.scripts.LoginLogoutTest">
        <test-method status="PASS" signature="initFrameWork()[pri:0, instance:com.hrm.scripts.LoginLogoutTest@7e0ea639]" name="initFrameWork" is-config="true" duration-ms="172" started-at="2017-03-26T15:05:40Z" finished-at="2017-03-26T15:05:41Z">
          <reporter-output>
          </reporter-output>
        </test-method> <!-- initFrameWork -->
        <test-method status="PASS" signature="initGlobalVar()[pri:0, instance:com.hrm.scripts.LoginLogoutTest@7e0ea639]" name="initGlobalVar" is-config="true" duration-ms="0" started-at="2017-03-26T15:05:41Z" finished-at="2017-03-26T15:05:41Z">
          <reporter-output>
          </reporter-output>
        </test-method> <!-- initGlobalVar -->
        <test-method status="PASS" signature="initApplication(java.lang.String)[pri:0, instance:com.hrm.scripts.LoginLogoutTest@7e0ea639]" name="initApplication" is-config="true" duration-ms="3453" started-at="2017-03-26T15:05:41Z" finished-at="2017-03-26T15:05:44Z">
          <params>
            <param index="0">
              <value>
                <![CDATA[chrome]]>
              </value>
            </param>
          </params>
          <reporter-output>
          </reporter-output>
        </test-method> <!-- initApplication -->
        <test-method status="PASS" signature="preCondition(java.lang.reflect.Method)[pri:0, instance:com.hrm.scripts.LoginLogoutTest@7e0ea639]" name="preCondition" is-config="true" duration-ms="995" started-at="2017-03-26T15:05:44Z" finished-at="2017-03-26T15:05:45Z">
          <params>
            <param index="0">
              <value>
                <![CDATA[public void com.hrm.scripts.LoginLogoutTest.testAutoLoginLogout1()]]>
              </value>
            </param>
          </params>
          <reporter-output>
          </reporter-output>
        </test-method> <!-- preCondition -->
        <test-method status="PASS" signature="postCondition(org.testng.ITestResult)[pri:0, instance:com.hrm.scripts.LoginLogoutTest@7e0ea639]" name="postCondition" is-config="true" duration-ms="1101" started-at="2017-03-26T15:05:45Z" finished-at="2017-03-26T15:05:46Z">
          <params>
            <param index="0">
              <value>
                <![CDATA[[TestResult name=testAutoLoginLogout1 status=SUCCESS method=LoginLogoutTest.testAutoLoginLogout1()[pri:0, instance:com.hrm.scripts.LoginLogoutTest@7e0ea639] output={null}]]]>
              </value>
            </param>
          </params>
          <reporter-output>
          </reporter-output>
        </test-method> <!-- postCondition -->
        <test-method status="PASS" signature="testAutoLoginLogout1()[pri:0, instance:com.hrm.scripts.LoginLogoutTest@7e0ea639]" name="testAutoLoginLogout1" duration-ms="0" started-at="2017-03-26T15:05:45Z" finished-at="2017-03-26T15:05:45Z">
          <reporter-output>
          </reporter-output>
        </test-method> <!-- testAutoLoginLogout1 -->
        <test-method status="PASS" signature="closeApplication()[pri:0, instance:com.hrm.scripts.LoginLogoutTest@7e0ea639]" name="closeApplication" is-config="true" duration-ms="722" started-at="2017-03-26T15:05:46Z" finished-at="2017-03-26T15:05:47Z">
          <reporter-output>
          </reporter-output>
        </test-method> <!-- closeApplication -->
        <test-method status="PASS" signature="publishReport()[pri:0, instance:com.hrm.scripts.LoginLogoutTest@7e0ea639]" name="publishReport" is-config="true" duration-ms="265" started-at="2017-03-26T15:05:47Z" finished-at="2017-03-26T15:05:47Z">
          <reporter-output>
          </reporter-output>
        </test-method> <!-- publishReport -->
      </class> <!-- com.hrm.scripts.LoginLogoutTest -->
    </test> <!-- Default test -->
  </suite> <!-- Default suite -->
</testng-results>
